Copyright 1986-2017 Xilinx, Inc. All Rights Reserved.
-----------------------------------------------------------------------------------------------------------------------------------
| Tool Version : Vivado v.2017.1 (win64) Build 1846317 Fri Apr 14 18:55:03 MDT 2017
| Date         : Mon May  7 19:10:34 2018
| Host         : U106032 running 64-bit Service Pack 1  (build 7601)
| Command      : report_methodology -file system_wrapper_methodology_drc_routed.rpt -rpx system_wrapper_methodology_drc_routed.rpx
| Design       : system_wrapper
| Device       : xc7z020clg484-1
| Speed File   : -1
| Design State : Routed
-----------------------------------------------------------------------------------------------------------------------------------

Report Methodology

Table of Contents
-----------------
1. REPORT SUMMARY
2. REPORT DETAILS

1. REPORT SUMMARY
-----------------
            Netlist: netlist
          Floorplan: design_1
      Design limits: <entire design considered>
             Max violations: <unlimited>
             Violations found: 20
+-----------+----------+-------------------------------+------------+
| Rule      | Severity | Description                   | Violations |
+-----------+----------+-------------------------------+------------+
| TIMING-18 | Warning  | Missing input or output delay | 20         |
+-----------+----------+-------------------------------+------------+

2. REPORT DETAILS
-----------------
TIMING-18#1 Warning
Missing input or output delay  
An input delay is missing on SDATA_I relative to clock(s) clk_fpga_0 
Related violations: <none>

TIMING-18#2 Warning
Missing input or output delay  
An input delay is missing on sws_8bits_tri_i[0] relative to clock(s) clk_fpga_0 
Related violations: <none>

TIMING-18#3 Warning
Missing input or output delay  
An input delay is missing on sws_8bits_tri_i[1] relative to clock(s) clk_fpga_0 
Related violations: <none>

TIMING-18#4 Warning
Missing input or output delay  
An input delay is missing on sws_8bits_tri_i[2] relative to clock(s) clk_fpga_0 
Related violations: <none>

TIMING-18#5 Warning
Missing input or output delay  
An input delay is missing on sws_8bits_tri_i[3] relative to clock(s) clk_fpga_0 
Related violations: <none>

TIMING-18#6 Warning
Missing input or output delay  
An input delay is missing on sws_8bits_tri_i[4] relative to clock(s) clk_fpga_0 
Related violations: <none>

TIMING-18#7 Warning
Missing input or output delay  
An input delay is missing on sws_8bits_tri_i[5] relative to clock(s) clk_fpga_0 
Related violations: <none>

TIMING-18#8 Warning
Missing input or output delay  
An input delay is missing on sws_8bits_tri_i[6] relative to clock(s) clk_fpga_0 
Related violations: <none>

TIMING-18#9 Warning
Missing input or output delay  
An input delay is missing on sws_8bits_tri_i[7] relative to clock(s) clk_fpga_0 
Related violations: <none>

TIMING-18#10 Warning
Missing input or output delay  
An output delay is missing on BCLK relative to clock(s) clk_fpga_0 
Related violations: <none>

TIMING-18#11 Warning
Missing input or output delay  
An output delay is missing on LRCLK relative to clock(s) clk_fpga_0 
Related violations: <none>

TIMING-18#12 Warning
Missing input or output delay  
An output delay is missing on SDATA_O relative to clock(s) clk_fpga_0 
Related violations: <none>

TIMING-18#13 Warning
Missing input or output delay  
An output delay is missing on leds_8bits_tri_o[0] relative to clock(s) clk_fpga_0 
Related violations: <none>

TIMING-18#14 Warning
Missing input or output delay  
An output delay is missing on leds_8bits_tri_o[1] relative to clock(s) clk_fpga_0 
Related violations: <none>

TIMING-18#15 Warning
Missing input or output delay  
An output delay is missing on leds_8bits_tri_o[2] relative to clock(s) clk_fpga_0 
Related violations: <none>

TIMING-18#16 Warning
Missing input or output delay  
An output delay is missing on leds_8bits_tri_o[3] relative to clock(s) clk_fpga_0 
Related violations: <none>

TIMING-18#17 Warning
Missing input or output delay  
An output delay is missing on leds_8bits_tri_o[4] relative to clock(s) clk_fpga_0 
Related violations: <none>

TIMING-18#18 Warning
Missing input or output delay  
An output delay is missing on leds_8bits_tri_o[5] relative to clock(s) clk_fpga_0 
Related violations: <none>

TIMING-18#19 Warning
Missing input or output delay  
An output delay is missing on leds_8bits_tri_o[6] relative to clock(s) clk_fpga_0 
Related violations: <none>

TIMING-18#20 Warning
Missing input or output delay  
An output delay is missing on leds_8bits_tri_o[7] relative to clock(s) clk_fpga_0 
Related violations: <none>


