Copyright 1986-2017 Xilinx, Inc. All Rights Reserved.
-------------------------------------------------------------------------------------------
| Tool Version : Vivado v.2017.1 (win64) Build 1846317 Fri Apr 14 18:55:03 MDT 2017
| Date         : Mon May 14 17:46:13 2018
| Host         : LAPTOP-SGN0RD5H running 64-bit major release  (build 9200)
| Command      : report_control_sets -verbose -file system_wrapper_control_sets_placed.rpt
| Design       : system_wrapper
| Device       : xc7z020
-------------------------------------------------------------------------------------------

Control Set Information

Table of Contents
-----------------
1. Summary
2. Flip-Flop Distribution
3. Detailed Control Set Information

1. Summary
----------

+----------------------------------------------------------+-------+
|                          Status                          | Count |
+----------------------------------------------------------+-------+
| Number of unique control sets                            |   153 |
| Unused register locations in slices containing registers |   189 |
+----------------------------------------------------------+-------+


2. Flip-Flop Distribution
-------------------------

+--------------+-----------------------+------------------------+-----------------+--------------+
| Clock Enable | Synchronous Set/Reset | Asynchronous Set/Reset | Total Registers | Total Slices |
+--------------+-----------------------+------------------------+-----------------+--------------+
| No           | No                    | No                     |             224 |           85 |
| No           | No                    | Yes                    |               0 |            0 |
| No           | Yes                   | No                     |             187 |           64 |
| Yes          | No                    | No                     |             694 |          212 |
| Yes          | No                    | Yes                    |               0 |            0 |
| Yes          | Yes                   | No                     |            1538 |          472 |
+--------------+-----------------------+------------------------+-----------------+--------------+


3. Detailed Control Set Information
-----------------------------------

+-----------------------------------------------+-------------------------------------------------------------------------------------------------------------------------------------------------------------+----------------------------------------------------------------------------------------------------------------------------------------+------------------+----------------+
|                  Clock Signal                 |                                                                        Enable Signal                                                                        |                                                            Set/Reset Signal                                                            | Slice Load Count | Bel Load Count |
+-----------------------------------------------+-------------------------------------------------------------------------------------------------------------------------------------------------------------+----------------------------------------------------------------------------------------------------------------------------------------+------------------+----------------+
|  system_i/processing_system7_0/inst/FCLK_CLK0 |                                                                                                                                                             | system_i/zed_audio_ctrl_0/U0/USER_LOGIC_I/Inst_iis_ser/ldata_reg                                                                       |                1 |              1 |
|  system_i/processing_system7_0/inst/FCLK_CLK0 | system_i/ps7_0_axi_periph/s00_couplers/auto_pc/inst/gen_axilite.gen_b2s_conv.axilite_b2s/WR.b_channel_0/bid_fifo_0/bresp_push                               |                                                                                                                                        |                1 |              2 |
|  system_i/processing_system7_0/inst/FCLK_CLK0 | system_i/ZedboardOLED_0/inst/ZedboardOLED_v1_0_S00_AXI_inst/after_state[102]_i_1_n_0                                                                        | system_i/ZedboardOLED_0/inst/ZedboardOLED_v1_0_S00_AXI_inst/after_state[62]_i_1_n_0                                                    |                2 |              4 |
|  system_i/processing_system7_0/inst/FCLK_CLK0 |                                                                                                                                                             | system_i/axi_gpio_0/U0/AXI_LITE_IPIF_I/I_SLAVE_ATTACHMENT/clear                                                                        |                1 |              4 |
|  system_i/processing_system7_0/inst/FCLK_CLK0 |                                                                                                                                                             | system_i/axi_gpio_1/U0/AXI_LITE_IPIF_I/I_SLAVE_ATTACHMENT/clear                                                                        |                1 |              4 |
|  system_i/processing_system7_0/inst/FCLK_CLK0 | system_i/axi_gpio_0/U0/AXI_LITE_IPIF_I/I_SLAVE_ATTACHMENT/start2_i_1_n_0                                                                                    | system_i/axi_gpio_0/U0/AXI_LITE_IPIF_I/I_SLAVE_ATTACHMENT/bus2ip_rnw_i_reg_0                                                           |                1 |              4 |
|  system_i/processing_system7_0/inst/FCLK_CLK0 |                                                                                                                                                             | system_i/zed_audio_ctrl_0/U0/AXI_LITE_IPIF_I/I_SLAVE_ATTACHMENT/p_2_out                                                                |                1 |              4 |
|  system_i/processing_system7_0/inst/FCLK_CLK0 |                                                                                                                                                             | system_i/zed_audio_ctrl_0/U0/AXI_LITE_IPIF_I/I_SLAVE_ATTACHMENT/rst                                                                    |                3 |              4 |
|  system_i/processing_system7_0/inst/FCLK_CLK0 | system_i/ps7_0_axi_periph/s00_couplers/auto_pc/inst/gen_axilite.gen_b2s_conv.axilite_b2s/WR.aw_channel_0/aw_cmd_fsm_0/axaddr_wrap_reg[0]                    | system_i/ps7_0_axi_periph/s00_couplers/auto_pc/inst/gen_axilite.gen_b2s_conv.axilite_b2s/WR.aw_channel_0/aw_cmd_fsm_0/axlen_cnt_reg[7] |                1 |              4 |
|  system_i/processing_system7_0/inst/FCLK_CLK0 |                                                                                                                                                             | system_i/ps7_0_axi_periph/s00_couplers/auto_pc/inst/gen_axilite.gen_b2s_conv.axilite_b2s/SI_REG/ar_pipe/m_valid_i_reg_0                |                3 |              4 |
|  system_i/processing_system7_0/inst/FCLK_CLK0 |                                                                                                                                                             | system_i/ps7_0_axi_periph/s00_couplers/auto_pc/inst/gen_axilite.gen_b2s_conv.axilite_b2s/SI_REG/aw_pipe/s_ready_i_reg_0                |                3 |              4 |
|  system_i/processing_system7_0/inst/FCLK_CLK0 | system_i/ps7_0_axi_periph/s00_couplers/auto_pc/inst/gen_axilite.gen_b2s_conv.axilite_b2s/RD.ar_channel_0/ar_cmd_fsm_0/axlen_cnt_reg[4][0]                   | system_i/ps7_0_axi_periph/s00_couplers/auto_pc/inst/gen_axilite.gen_b2s_conv.axilite_b2s/RD.ar_channel_0/ar_cmd_fsm_0/axlen_cnt_reg[7] |                1 |              4 |
|  system_i/processing_system7_0/inst/FCLK_CLK0 | system_i/axi_gpio_1/U0/AXI_LITE_IPIF_I/I_SLAVE_ATTACHMENT/bus2ip_addr_i[8]_i_1_n_0                                                                          | system_i/axi_gpio_1/U0/AXI_LITE_IPIF_I/I_SLAVE_ATTACHMENT/SR                                                                           |                1 |              4 |
|  system_i/processing_system7_0/inst/FCLK_CLK0 | system_i/zed_audio_ctrl_0/U0/USER_LOGIC_I/Inst_iis_ser/FSM_onehot_iis_state[4]_i_1_n_0                                                                      |                                                                                                                                        |                2 |              4 |
|  system_i/processing_system7_0/inst/FCLK_CLK0 | system_i/ZedboardOLED_0/inst/ZedboardOLED_v1_0_S00_AXI_inst/axi_arready_i_1_n_0                                                                             | system_i/ZedboardOLED_0/inst/ZedboardOLED_v1_0_S00_AXI_inst/axi_awready_i_1_n_0                                                        |                2 |              5 |
|  system_i/processing_system7_0/inst/FCLK_CLK0 |                                                                                                                                                             | system_i/ZedboardOLED_0/inst/ZedboardOLED_v1_0_S00_AXI_inst/SPI_COMP/p_1_in[24]                                                        |                1 |              5 |
|  system_i/processing_system7_0/inst/FCLK_CLK0 | system_i/ZedboardOLED_0/inst/ZedboardOLED_v1_0_S00_AXI_inst/axi_awready_i_2_n_0                                                                             | system_i/ZedboardOLED_0/inst/ZedboardOLED_v1_0_S00_AXI_inst/axi_awready_i_1_n_0                                                        |                1 |              5 |
|  system_i/processing_system7_0/inst/FCLK_CLK0 | system_i/zed_audio_ctrl_0/U0/USER_LOGIC_I/Inst_iis_deser/bit_cntr_reg[4]_0[0]                                                                               | system_i/zed_audio_ctrl_0/U0/USER_LOGIC_I/Inst_iis_ser/bit_cntr[4]_i_1__0_n_0                                                          |                1 |              5 |
|  system_i/processing_system7_0/inst/FCLK_CLK0 |                                                                                                                                                             | system_i/nco_0/inst/nco_AXI4LiteS_if_U/SR[0]                                                                                           |                3 |              5 |
|  system_i/processing_system7_0/inst/FCLK_CLK0 |                                                                                                                                                             | system_i/axi_gpio_1/U0/AXI_LITE_IPIF_I/I_SLAVE_ATTACHMENT/I_DECODER/Not_Dual.ALLIN1_ND.READ_REG_GEN[0].GPIO_DBus_i_reg[27]             |                2 |              5 |
|  system_i/processing_system7_0/inst/FCLK_CLK0 |                                                                                                                                                             | system_i/ZedboardOLED_0/inst/ZedboardOLED_v1_0_S00_AXI_inst/axi_awready_i_1_n_0                                                        |                3 |              5 |
|  system_i/processing_system7_0/inst/FCLK_CLK0 |                                                                                                                                                             | system_i/rst_ps7_0_100M/U0/EXT_LPF/lpf_int                                                                                             |                2 |              5 |
|  system_i/processing_system7_0/inst/FCLK_CLK0 | system_i/axi_gpio_1/U0/AXI_LITE_IPIF_I/I_SLAVE_ATTACHMENT/s_axi_rdata_i[4]_i_1_n_0                                                                          | system_i/axi_gpio_1/U0/AXI_LITE_IPIF_I/I_SLAVE_ATTACHMENT/SR                                                                           |                1 |              5 |
|  system_i/processing_system7_0/inst/FCLK_CLK0 | system_i/ZedboardOLED_0/inst/ZedboardOLED_v1_0_S00_AXI_inst/SPI_COMP/temp_sdo                                                                               | system_i/ZedboardOLED_0/inst/ZedboardOLED_v1_0_S00_AXI_inst/SPI_COMP/temp_sdo_i_1_n_0                                                  |                2 |              5 |
|  system_i/processing_system7_0/inst/FCLK_CLK0 | system_i/ZedboardOLED_0/inst/ZedboardOLED_v1_0_S00_AXI_inst/DELAY_COMP/current_state[27]_i_1__0_n_0                                                         | system_i/ZedboardOLED_0/inst/ZedboardOLED_v1_0_S00_AXI_inst/RST_internal_reg_n_0                                                       |                2 |              5 |
|  system_i/processing_system7_0/inst/FCLK_CLK0 | system_i/nco_0/inst/nco_AXI4LiteS_if_U/aw_hs                                                                                                                |                                                                                                                                        |                2 |              5 |
|  system_i/processing_system7_0/inst/FCLK_CLK0 | system_i/axi_gpio_1/U0/AXI_LITE_IPIF_I/I_SLAVE_ATTACHMENT/I_DECODER/Not_Dual.gpio_OE_reg[0][0]                                                              | system_i/axi_gpio_1/U0/AXI_LITE_IPIF_I/I_SLAVE_ATTACHMENT/SR                                                                           |                2 |              5 |
|  system_i/processing_system7_0/inst/FCLK_CLK0 | system_i/zed_audio_ctrl_0/U0/USER_LOGIC_I/Inst_iis_deser/bit_rdy                                                                                            | system_i/zed_audio_ctrl_0/U0/USER_LOGIC_I/Inst_iis_deser/bit_cntr[4]_i_1_n_0                                                           |                2 |              5 |
|  system_i/processing_system7_0/inst/FCLK_CLK0 | system_i/zed_audio_ctrl_0/U0/AXI_LITE_IPIF_I/I_SLAVE_ATTACHMENT/I_DECODER/start                                                                             | system_i/zed_audio_ctrl_0/U0/AXI_LITE_IPIF_I/I_SLAVE_ATTACHMENT/I_DECODER/cs_ce_clr                                                    |                3 |              5 |
|  system_i/processing_system7_0/inst/FCLK_CLK0 | system_i/ZedboardOLED_0/inst/ZedboardOLED_v1_0_S00_AXI_inst/SPI_COMP/current_state[28]_i_1__0_n_0                                                           | system_i/ZedboardOLED_0/inst/ZedboardOLED_v1_0_S00_AXI_inst/RST_internal_reg_n_0                                                       |                2 |              6 |
|  system_i/processing_system7_0/inst/FCLK_CLK0 | system_i/rst_ps7_0_100M/U0/SEQ/seq_cnt_en                                                                                                                   | system_i/rst_ps7_0_100M/U0/SEQ/SEQ_COUNTER/clear                                                                                       |                1 |              6 |
|  system_i/processing_system7_0/inst/FCLK_CLK0 | system_i/ZedboardOLED_0/inst/ZedboardOLED_v1_0_S00_AXI_inst/after_state[102]_i_1_n_0                                                                        | system_i/ZedboardOLED_0/inst/ZedboardOLED_v1_0_S00_AXI_inst/after_state[60]_i_1_n_0                                                    |                2 |              6 |
|  system_i/processing_system7_0/inst/FCLK_CLK0 | system_i/ZedboardOLED_0/inst/ZedboardOLED_v1_0_S00_AXI_inst/slv_reg7[15]                                                                                    | system_i/ZedboardOLED_0/inst/ZedboardOLED_v1_0_S00_AXI_inst/axi_awready_i_1_n_0                                                        |                4 |              8 |
|  system_i/processing_system7_0/inst/FCLK_CLK0 | system_i/ZedboardOLED_0/inst/ZedboardOLED_v1_0_S00_AXI_inst/slv_reg7[23]                                                                                    | system_i/ZedboardOLED_0/inst/ZedboardOLED_v1_0_S00_AXI_inst/axi_awready_i_1_n_0                                                        |                1 |              8 |
|  system_i/processing_system7_0/inst/FCLK_CLK0 | system_i/ZedboardOLED_0/inst/ZedboardOLED_v1_0_S00_AXI_inst/slv_reg7[31]                                                                                    | system_i/ZedboardOLED_0/inst/ZedboardOLED_v1_0_S00_AXI_inst/axi_awready_i_1_n_0                                                        |                4 |              8 |
|  system_i/processing_system7_0/inst/FCLK_CLK0 | system_i/ZedboardOLED_0/inst/ZedboardOLED_v1_0_S00_AXI_inst/slv_reg8[7]                                                                                     | system_i/ZedboardOLED_0/inst/ZedboardOLED_v1_0_S00_AXI_inst/axi_awready_i_1_n_0                                                        |                5 |              8 |
|  system_i/processing_system7_0/inst/FCLK_CLK0 | system_i/ZedboardOLED_0/inst/ZedboardOLED_v1_0_S00_AXI_inst/slv_reg8[15]                                                                                    | system_i/ZedboardOLED_0/inst/ZedboardOLED_v1_0_S00_AXI_inst/axi_awready_i_1_n_0                                                        |                3 |              8 |
|  system_i/processing_system7_0/inst/FCLK_CLK0 | system_i/ZedboardOLED_0/inst/ZedboardOLED_v1_0_S00_AXI_inst/slv_reg8[23]                                                                                    | system_i/ZedboardOLED_0/inst/ZedboardOLED_v1_0_S00_AXI_inst/axi_awready_i_1_n_0                                                        |                4 |              8 |
|  system_i/processing_system7_0/inst/FCLK_CLK0 | system_i/ZedboardOLED_0/inst/ZedboardOLED_v1_0_S00_AXI_inst/slv_reg8[31]                                                                                    | system_i/ZedboardOLED_0/inst/ZedboardOLED_v1_0_S00_AXI_inst/axi_awready_i_1_n_0                                                        |                1 |              8 |
|  system_i/processing_system7_0/inst/FCLK_CLK0 | system_i/ZedboardOLED_0/inst/ZedboardOLED_v1_0_S00_AXI_inst/slv_reg9[7]                                                                                     | system_i/ZedboardOLED_0/inst/ZedboardOLED_v1_0_S00_AXI_inst/axi_awready_i_1_n_0                                                        |                7 |              8 |
|  system_i/processing_system7_0/inst/FCLK_CLK0 | system_i/ZedboardOLED_0/inst/ZedboardOLED_v1_0_S00_AXI_inst/slv_reg9[15]                                                                                    | system_i/ZedboardOLED_0/inst/ZedboardOLED_v1_0_S00_AXI_inst/axi_awready_i_1_n_0                                                        |                2 |              8 |
|  system_i/processing_system7_0/inst/FCLK_CLK0 | system_i/ZedboardOLED_0/inst/ZedboardOLED_v1_0_S00_AXI_inst/SPI_COMP/shift_register                                                                         |                                                                                                                                        |                1 |              8 |
|  system_i/processing_system7_0/inst/FCLK_CLK0 | system_i/ZedboardOLED_0/inst/ZedboardOLED_v1_0_S00_AXI_inst/slv_reg9[23]                                                                                    | system_i/ZedboardOLED_0/inst/ZedboardOLED_v1_0_S00_AXI_inst/axi_awready_i_1_n_0                                                        |                5 |              8 |
|  system_i/processing_system7_0/inst/FCLK_CLK0 | system_i/ZedboardOLED_0/inst/ZedboardOLED_v1_0_S00_AXI_inst/slv_reg9[31]                                                                                    | system_i/ZedboardOLED_0/inst/ZedboardOLED_v1_0_S00_AXI_inst/axi_awready_i_1_n_0                                                        |                2 |              8 |
|  system_i/processing_system7_0/inst/FCLK_CLK0 | system_i/ps7_0_axi_periph/s00_couplers/auto_pc/inst/gen_axilite.gen_b2s_conv.axilite_b2s/WR.b_channel_0/mhandshake_r                                        | system_i/ps7_0_axi_periph/s00_couplers/auto_pc/inst/gen_axilite.gen_b2s_conv.axilite_b2s/WR.b_channel_0/bid_fifo_0/SR[0]               |                4 |              8 |
|  system_i/processing_system7_0/inst/FCLK_CLK0 | system_i/axi_gpio_0/U0/AXI_LITE_IPIF_I/I_SLAVE_ATTACHMENT/I_DECODER/E[0]                                                                                    | system_i/axi_gpio_0/U0/AXI_LITE_IPIF_I/I_SLAVE_ATTACHMENT/bus2ip_rnw_i_reg_0                                                           |                1 |              8 |
|  system_i/processing_system7_0/inst/FCLK_CLK0 | system_i/axi_gpio_0/U0/AXI_LITE_IPIF_I/I_SLAVE_ATTACHMENT/s_axi_rdata_i                                                                                     | system_i/axi_gpio_0/U0/AXI_LITE_IPIF_I/I_SLAVE_ATTACHMENT/bus2ip_rnw_i_reg_0                                                           |                1 |              8 |
|  system_i/processing_system7_0/inst/FCLK_CLK0 | system_i/ZedboardOLED_0/inst/ZedboardOLED_v1_0_S00_AXI_inst/slv_reg16[7]_i_1_n_0                                                                            | system_i/ZedboardOLED_0/inst/ZedboardOLED_v1_0_S00_AXI_inst/axi_awready_i_1_n_0                                                        |                3 |              8 |
|  system_i/processing_system7_0/inst/FCLK_CLK0 | system_i/ZedboardOLED_0/inst/ZedboardOLED_v1_0_S00_AXI_inst/slv_reg16[31]_i_1_n_0                                                                           | system_i/ZedboardOLED_0/inst/ZedboardOLED_v1_0_S00_AXI_inst/axi_awready_i_1_n_0                                                        |                2 |              8 |
|  system_i/processing_system7_0/inst/FCLK_CLK0 | system_i/ZedboardOLED_0/inst/ZedboardOLED_v1_0_S00_AXI_inst/slv_reg16[23]_i_1_n_0                                                                           | system_i/ZedboardOLED_0/inst/ZedboardOLED_v1_0_S00_AXI_inst/axi_awready_i_1_n_0                                                        |                3 |              8 |
|  system_i/processing_system7_0/inst/FCLK_CLK0 | system_i/ZedboardOLED_0/inst/ZedboardOLED_v1_0_S00_AXI_inst/slv_reg16[15]_i_1_n_0                                                                           | system_i/ZedboardOLED_0/inst/ZedboardOLED_v1_0_S00_AXI_inst/axi_awready_i_1_n_0                                                        |                3 |              8 |
|  system_i/processing_system7_0/inst/FCLK_CLK0 | system_i/ZedboardOLED_0/inst/ZedboardOLED_v1_0_S00_AXI_inst/temp_spi_data[7]_i_1_n_0                                                                        |                                                                                                                                        |                4 |              8 |
|  system_i/processing_system7_0/inst/FCLK_CLK0 | system_i/ZedboardOLED_0/inst/ZedboardOLED_v1_0_S00_AXI_inst/slv_reg0[7]                                                                                     | system_i/ZedboardOLED_0/inst/ZedboardOLED_v1_0_S00_AXI_inst/axi_awready_i_1_n_0                                                        |                2 |              8 |
|  system_i/processing_system7_0/inst/FCLK_CLK0 | system_i/ZedboardOLED_0/inst/ZedboardOLED_v1_0_S00_AXI_inst/slv_reg0[15]                                                                                    | system_i/ZedboardOLED_0/inst/ZedboardOLED_v1_0_S00_AXI_inst/axi_awready_i_1_n_0                                                        |                5 |              8 |
|  system_i/processing_system7_0/inst/FCLK_CLK0 | system_i/ZedboardOLED_0/inst/ZedboardOLED_v1_0_S00_AXI_inst/slv_reg0[23]                                                                                    | system_i/ZedboardOLED_0/inst/ZedboardOLED_v1_0_S00_AXI_inst/axi_awready_i_1_n_0                                                        |                2 |              8 |
|  system_i/processing_system7_0/inst/FCLK_CLK0 | system_i/ZedboardOLED_0/inst/ZedboardOLED_v1_0_S00_AXI_inst/slv_reg0[31]                                                                                    | system_i/ZedboardOLED_0/inst/ZedboardOLED_v1_0_S00_AXI_inst/axi_awready_i_1_n_0                                                        |                3 |              8 |
|  system_i/processing_system7_0/inst/FCLK_CLK0 | system_i/ZedboardOLED_0/inst/ZedboardOLED_v1_0_S00_AXI_inst/slv_reg1[7]                                                                                     | system_i/ZedboardOLED_0/inst/ZedboardOLED_v1_0_S00_AXI_inst/axi_awready_i_1_n_0                                                        |                1 |              8 |
|  system_i/processing_system7_0/inst/FCLK_CLK0 | system_i/ZedboardOLED_0/inst/ZedboardOLED_v1_0_S00_AXI_inst/slv_reg1[15]                                                                                    | system_i/ZedboardOLED_0/inst/ZedboardOLED_v1_0_S00_AXI_inst/axi_awready_i_1_n_0                                                        |                3 |              8 |
|  system_i/processing_system7_0/inst/FCLK_CLK0 | system_i/ZedboardOLED_0/inst/ZedboardOLED_v1_0_S00_AXI_inst/slv_reg1[23]                                                                                    | system_i/ZedboardOLED_0/inst/ZedboardOLED_v1_0_S00_AXI_inst/axi_awready_i_1_n_0                                                        |                4 |              8 |
|  system_i/processing_system7_0/inst/FCLK_CLK0 | system_i/ZedboardOLED_0/inst/ZedboardOLED_v1_0_S00_AXI_inst/slv_reg1[31]                                                                                    | system_i/ZedboardOLED_0/inst/ZedboardOLED_v1_0_S00_AXI_inst/axi_awready_i_1_n_0                                                        |                3 |              8 |
|  system_i/processing_system7_0/inst/FCLK_CLK0 | system_i/ZedboardOLED_0/inst/ZedboardOLED_v1_0_S00_AXI_inst/slv_reg10[7]                                                                                    | system_i/ZedboardOLED_0/inst/ZedboardOLED_v1_0_S00_AXI_inst/axi_awready_i_1_n_0                                                        |                1 |              8 |
|  system_i/processing_system7_0/inst/FCLK_CLK0 | system_i/ZedboardOLED_0/inst/ZedboardOLED_v1_0_S00_AXI_inst/slv_reg10[15]                                                                                   | system_i/ZedboardOLED_0/inst/ZedboardOLED_v1_0_S00_AXI_inst/axi_awready_i_1_n_0                                                        |                1 |              8 |
|  system_i/processing_system7_0/inst/FCLK_CLK0 | system_i/ZedboardOLED_0/inst/ZedboardOLED_v1_0_S00_AXI_inst/slv_reg10[23]                                                                                   | system_i/ZedboardOLED_0/inst/ZedboardOLED_v1_0_S00_AXI_inst/axi_awready_i_1_n_0                                                        |                3 |              8 |
|  system_i/processing_system7_0/inst/FCLK_CLK0 | system_i/ZedboardOLED_0/inst/ZedboardOLED_v1_0_S00_AXI_inst/slv_reg10[31]                                                                                   | system_i/ZedboardOLED_0/inst/ZedboardOLED_v1_0_S00_AXI_inst/axi_awready_i_1_n_0                                                        |                3 |              8 |
|  system_i/processing_system7_0/inst/FCLK_CLK0 | system_i/ZedboardOLED_0/inst/ZedboardOLED_v1_0_S00_AXI_inst/slv_reg11[7]                                                                                    | system_i/ZedboardOLED_0/inst/ZedboardOLED_v1_0_S00_AXI_inst/axi_awready_i_1_n_0                                                        |                2 |              8 |
|  system_i/processing_system7_0/inst/FCLK_CLK0 | system_i/ZedboardOLED_0/inst/ZedboardOLED_v1_0_S00_AXI_inst/slv_reg11[15]                                                                                   | system_i/ZedboardOLED_0/inst/ZedboardOLED_v1_0_S00_AXI_inst/axi_awready_i_1_n_0                                                        |                2 |              8 |
|  system_i/processing_system7_0/inst/FCLK_CLK0 | system_i/ZedboardOLED_0/inst/ZedboardOLED_v1_0_S00_AXI_inst/slv_reg11[23]                                                                                   | system_i/ZedboardOLED_0/inst/ZedboardOLED_v1_0_S00_AXI_inst/axi_awready_i_1_n_0                                                        |                3 |              8 |
|  system_i/processing_system7_0/inst/FCLK_CLK0 | system_i/ZedboardOLED_0/inst/ZedboardOLED_v1_0_S00_AXI_inst/slv_reg11[31]                                                                                   | system_i/ZedboardOLED_0/inst/ZedboardOLED_v1_0_S00_AXI_inst/axi_awready_i_1_n_0                                                        |                1 |              8 |
|  system_i/processing_system7_0/inst/FCLK_CLK0 | system_i/ZedboardOLED_0/inst/ZedboardOLED_v1_0_S00_AXI_inst/slv_reg12[7]                                                                                    | system_i/ZedboardOLED_0/inst/ZedboardOLED_v1_0_S00_AXI_inst/axi_awready_i_1_n_0                                                        |                1 |              8 |
|  system_i/processing_system7_0/inst/FCLK_CLK0 | system_i/ZedboardOLED_0/inst/ZedboardOLED_v1_0_S00_AXI_inst/slv_reg12[15]                                                                                   | system_i/ZedboardOLED_0/inst/ZedboardOLED_v1_0_S00_AXI_inst/axi_awready_i_1_n_0                                                        |                4 |              8 |
|  system_i/processing_system7_0/inst/FCLK_CLK0 | system_i/ZedboardOLED_0/inst/ZedboardOLED_v1_0_S00_AXI_inst/slv_reg12[23]                                                                                   | system_i/ZedboardOLED_0/inst/ZedboardOLED_v1_0_S00_AXI_inst/axi_awready_i_1_n_0                                                        |                3 |              8 |
|  system_i/processing_system7_0/inst/FCLK_CLK0 | system_i/ZedboardOLED_0/inst/ZedboardOLED_v1_0_S00_AXI_inst/slv_reg12[31]                                                                                   | system_i/ZedboardOLED_0/inst/ZedboardOLED_v1_0_S00_AXI_inst/axi_awready_i_1_n_0                                                        |                4 |              8 |
|  system_i/processing_system7_0/inst/FCLK_CLK0 | system_i/ZedboardOLED_0/inst/ZedboardOLED_v1_0_S00_AXI_inst/slv_reg13[7]                                                                                    | system_i/ZedboardOLED_0/inst/ZedboardOLED_v1_0_S00_AXI_inst/axi_awready_i_1_n_0                                                        |                1 |              8 |
|  system_i/processing_system7_0/inst/FCLK_CLK0 | system_i/ZedboardOLED_0/inst/ZedboardOLED_v1_0_S00_AXI_inst/slv_reg13[15]                                                                                   | system_i/ZedboardOLED_0/inst/ZedboardOLED_v1_0_S00_AXI_inst/axi_awready_i_1_n_0                                                        |                1 |              8 |
|  system_i/processing_system7_0/inst/FCLK_CLK0 | system_i/ZedboardOLED_0/inst/ZedboardOLED_v1_0_S00_AXI_inst/slv_reg13[23]                                                                                   | system_i/ZedboardOLED_0/inst/ZedboardOLED_v1_0_S00_AXI_inst/axi_awready_i_1_n_0                                                        |                3 |              8 |
|  system_i/processing_system7_0/inst/FCLK_CLK0 | system_i/ZedboardOLED_0/inst/ZedboardOLED_v1_0_S00_AXI_inst/slv_reg13[31]                                                                                   | system_i/ZedboardOLED_0/inst/ZedboardOLED_v1_0_S00_AXI_inst/axi_awready_i_1_n_0                                                        |                2 |              8 |
|  system_i/processing_system7_0/inst/FCLK_CLK0 | system_i/ZedboardOLED_0/inst/ZedboardOLED_v1_0_S00_AXI_inst/slv_reg14[7]                                                                                    | system_i/ZedboardOLED_0/inst/ZedboardOLED_v1_0_S00_AXI_inst/axi_awready_i_1_n_0                                                        |                2 |              8 |
|  system_i/processing_system7_0/inst/FCLK_CLK0 | system_i/ZedboardOLED_0/inst/ZedboardOLED_v1_0_S00_AXI_inst/slv_reg14[15]                                                                                   | system_i/ZedboardOLED_0/inst/ZedboardOLED_v1_0_S00_AXI_inst/axi_awready_i_1_n_0                                                        |                4 |              8 |
|  system_i/processing_system7_0/inst/FCLK_CLK0 | system_i/ZedboardOLED_0/inst/ZedboardOLED_v1_0_S00_AXI_inst/slv_reg14[23]                                                                                   | system_i/ZedboardOLED_0/inst/ZedboardOLED_v1_0_S00_AXI_inst/axi_awready_i_1_n_0                                                        |                3 |              8 |
|  system_i/processing_system7_0/inst/FCLK_CLK0 | system_i/ZedboardOLED_0/inst/ZedboardOLED_v1_0_S00_AXI_inst/slv_reg14[31]                                                                                   | system_i/ZedboardOLED_0/inst/ZedboardOLED_v1_0_S00_AXI_inst/axi_awready_i_1_n_0                                                        |                3 |              8 |
|  system_i/processing_system7_0/inst/FCLK_CLK0 | system_i/ZedboardOLED_0/inst/ZedboardOLED_v1_0_S00_AXI_inst/slv_reg15[7]                                                                                    | system_i/ZedboardOLED_0/inst/ZedboardOLED_v1_0_S00_AXI_inst/axi_awready_i_1_n_0                                                        |                3 |              8 |
|  system_i/processing_system7_0/inst/FCLK_CLK0 | system_i/ZedboardOLED_0/inst/ZedboardOLED_v1_0_S00_AXI_inst/slv_reg15[15]                                                                                   | system_i/ZedboardOLED_0/inst/ZedboardOLED_v1_0_S00_AXI_inst/axi_awready_i_1_n_0                                                        |                2 |              8 |
|  system_i/processing_system7_0/inst/FCLK_CLK0 | system_i/ZedboardOLED_0/inst/ZedboardOLED_v1_0_S00_AXI_inst/slv_reg15[23]                                                                                   | system_i/ZedboardOLED_0/inst/ZedboardOLED_v1_0_S00_AXI_inst/axi_awready_i_1_n_0                                                        |                4 |              8 |
|  system_i/processing_system7_0/inst/FCLK_CLK0 | system_i/ZedboardOLED_0/inst/ZedboardOLED_v1_0_S00_AXI_inst/slv_reg15[31]                                                                                   | system_i/ZedboardOLED_0/inst/ZedboardOLED_v1_0_S00_AXI_inst/axi_awready_i_1_n_0                                                        |                3 |              8 |
|  system_i/processing_system7_0/inst/FCLK_CLK0 | system_i/ZedboardOLED_0/inst/ZedboardOLED_v1_0_S00_AXI_inst/slv_reg2[7]                                                                                     | system_i/ZedboardOLED_0/inst/ZedboardOLED_v1_0_S00_AXI_inst/axi_awready_i_1_n_0                                                        |                1 |              8 |
|  system_i/processing_system7_0/inst/FCLK_CLK0 | system_i/ZedboardOLED_0/inst/ZedboardOLED_v1_0_S00_AXI_inst/slv_reg2[15]                                                                                    | system_i/ZedboardOLED_0/inst/ZedboardOLED_v1_0_S00_AXI_inst/axi_awready_i_1_n_0                                                        |                4 |              8 |
|  system_i/processing_system7_0/inst/FCLK_CLK0 | system_i/ZedboardOLED_0/inst/ZedboardOLED_v1_0_S00_AXI_inst/slv_reg2[23]                                                                                    | system_i/ZedboardOLED_0/inst/ZedboardOLED_v1_0_S00_AXI_inst/axi_awready_i_1_n_0                                                        |                1 |              8 |
|  system_i/processing_system7_0/inst/FCLK_CLK0 | system_i/ZedboardOLED_0/inst/ZedboardOLED_v1_0_S00_AXI_inst/slv_reg2[31]                                                                                    | system_i/ZedboardOLED_0/inst/ZedboardOLED_v1_0_S00_AXI_inst/axi_awready_i_1_n_0                                                        |                5 |              8 |
|  system_i/processing_system7_0/inst/FCLK_CLK0 | system_i/ZedboardOLED_0/inst/ZedboardOLED_v1_0_S00_AXI_inst/slv_reg3[7]                                                                                     | system_i/ZedboardOLED_0/inst/ZedboardOLED_v1_0_S00_AXI_inst/axi_awready_i_1_n_0                                                        |                5 |              8 |
|  system_i/processing_system7_0/inst/FCLK_CLK0 | system_i/ZedboardOLED_0/inst/ZedboardOLED_v1_0_S00_AXI_inst/slv_reg3[15]                                                                                    | system_i/ZedboardOLED_0/inst/ZedboardOLED_v1_0_S00_AXI_inst/axi_awready_i_1_n_0                                                        |                1 |              8 |
|  system_i/processing_system7_0/inst/FCLK_CLK0 | system_i/ZedboardOLED_0/inst/ZedboardOLED_v1_0_S00_AXI_inst/slv_reg3[23]                                                                                    | system_i/ZedboardOLED_0/inst/ZedboardOLED_v1_0_S00_AXI_inst/axi_awready_i_1_n_0                                                        |                4 |              8 |
|  system_i/processing_system7_0/inst/FCLK_CLK0 | system_i/ZedboardOLED_0/inst/ZedboardOLED_v1_0_S00_AXI_inst/slv_reg3[31]                                                                                    | system_i/ZedboardOLED_0/inst/ZedboardOLED_v1_0_S00_AXI_inst/axi_awready_i_1_n_0                                                        |                4 |              8 |
|  system_i/processing_system7_0/inst/FCLK_CLK0 | system_i/ZedboardOLED_0/inst/ZedboardOLED_v1_0_S00_AXI_inst/slv_reg4[7]                                                                                     | system_i/ZedboardOLED_0/inst/ZedboardOLED_v1_0_S00_AXI_inst/axi_awready_i_1_n_0                                                        |                1 |              8 |
|  system_i/processing_system7_0/inst/FCLK_CLK0 | system_i/ZedboardOLED_0/inst/ZedboardOLED_v1_0_S00_AXI_inst/slv_reg4[15]                                                                                    | system_i/ZedboardOLED_0/inst/ZedboardOLED_v1_0_S00_AXI_inst/axi_awready_i_1_n_0                                                        |                3 |              8 |
|  system_i/processing_system7_0/inst/FCLK_CLK0 | system_i/ZedboardOLED_0/inst/ZedboardOLED_v1_0_S00_AXI_inst/slv_reg4[23]                                                                                    | system_i/ZedboardOLED_0/inst/ZedboardOLED_v1_0_S00_AXI_inst/axi_awready_i_1_n_0                                                        |                3 |              8 |
|  system_i/processing_system7_0/inst/FCLK_CLK0 | system_i/ZedboardOLED_0/inst/ZedboardOLED_v1_0_S00_AXI_inst/slv_reg4[31]                                                                                    | system_i/ZedboardOLED_0/inst/ZedboardOLED_v1_0_S00_AXI_inst/axi_awready_i_1_n_0                                                        |                2 |              8 |
|  system_i/processing_system7_0/inst/FCLK_CLK0 | system_i/ZedboardOLED_0/inst/ZedboardOLED_v1_0_S00_AXI_inst/slv_reg5[7]                                                                                     | system_i/ZedboardOLED_0/inst/ZedboardOLED_v1_0_S00_AXI_inst/axi_awready_i_1_n_0                                                        |                3 |              8 |
|  system_i/processing_system7_0/inst/FCLK_CLK0 | system_i/ZedboardOLED_0/inst/ZedboardOLED_v1_0_S00_AXI_inst/slv_reg5[15]                                                                                    | system_i/ZedboardOLED_0/inst/ZedboardOLED_v1_0_S00_AXI_inst/axi_awready_i_1_n_0                                                        |                2 |              8 |
|  system_i/processing_system7_0/inst/FCLK_CLK0 | system_i/ZedboardOLED_0/inst/ZedboardOLED_v1_0_S00_AXI_inst/slv_reg5[23]                                                                                    | system_i/ZedboardOLED_0/inst/ZedboardOLED_v1_0_S00_AXI_inst/axi_awready_i_1_n_0                                                        |                4 |              8 |
|  system_i/processing_system7_0/inst/FCLK_CLK0 | system_i/ZedboardOLED_0/inst/ZedboardOLED_v1_0_S00_AXI_inst/slv_reg5[31]                                                                                    | system_i/ZedboardOLED_0/inst/ZedboardOLED_v1_0_S00_AXI_inst/axi_awready_i_1_n_0                                                        |                4 |              8 |
|  system_i/processing_system7_0/inst/FCLK_CLK0 | system_i/ZedboardOLED_0/inst/ZedboardOLED_v1_0_S00_AXI_inst/slv_reg6[7]                                                                                     | system_i/ZedboardOLED_0/inst/ZedboardOLED_v1_0_S00_AXI_inst/axi_awready_i_1_n_0                                                        |                2 |              8 |
|  system_i/processing_system7_0/inst/FCLK_CLK0 | system_i/ZedboardOLED_0/inst/ZedboardOLED_v1_0_S00_AXI_inst/slv_reg6[15]                                                                                    | system_i/ZedboardOLED_0/inst/ZedboardOLED_v1_0_S00_AXI_inst/axi_awready_i_1_n_0                                                        |                2 |              8 |
|  system_i/processing_system7_0/inst/FCLK_CLK0 | system_i/ZedboardOLED_0/inst/ZedboardOLED_v1_0_S00_AXI_inst/slv_reg6[23]                                                                                    | system_i/ZedboardOLED_0/inst/ZedboardOLED_v1_0_S00_AXI_inst/axi_awready_i_1_n_0                                                        |                3 |              8 |
|  system_i/processing_system7_0/inst/FCLK_CLK0 | system_i/ZedboardOLED_0/inst/ZedboardOLED_v1_0_S00_AXI_inst/slv_reg6[31]                                                                                    | system_i/ZedboardOLED_0/inst/ZedboardOLED_v1_0_S00_AXI_inst/axi_awready_i_1_n_0                                                        |                1 |              8 |
|  system_i/processing_system7_0/inst/FCLK_CLK0 | system_i/ZedboardOLED_0/inst/ZedboardOLED_v1_0_S00_AXI_inst/slv_reg7[7]                                                                                     | system_i/ZedboardOLED_0/inst/ZedboardOLED_v1_0_S00_AXI_inst/axi_awready_i_1_n_0                                                        |                1 |              8 |
|  system_i/processing_system7_0/inst/FCLK_CLK0 | system_i/ZedboardOLED_0/inst/ZedboardOLED_v1_0_S00_AXI_inst/temp_addr[10]_i_1_n_0                                                                           |                                                                                                                                        |                3 |             11 |
|  system_i/processing_system7_0/inst/FCLK_CLK0 | system_i/ZedboardOLED_0/inst/ZedboardOLED_v1_0_S00_AXI_inst/DELAY_COMP/ms_counter                                                                           | system_i/ZedboardOLED_0/inst/ZedboardOLED_v1_0_S00_AXI_inst/DELAY_COMP/p_1_in[27]                                                      |                3 |             12 |
|  system_i/processing_system7_0/inst/FCLK_CLK0 | system_i/ZedboardOLED_0/inst/ZedboardOLED_v1_0_S00_AXI_inst/RST_internal_reg_n_0                                                                            |                                                                                                                                        |                3 |             12 |
|  system_i/processing_system7_0/inst/FCLK_CLK0 | system_i/ps7_0_axi_periph/s00_couplers/auto_pc/inst/gen_axilite.gen_b2s_conv.axilite_b2s/RD.ar_channel_0/ar_cmd_fsm_0/E[0]                                  |                                                                                                                                        |                5 |             12 |
|  system_i/processing_system7_0/inst/FCLK_CLK0 | system_i/ps7_0_axi_periph/s00_couplers/auto_pc/inst/gen_axilite.gen_b2s_conv.axilite_b2s/RD.ar_channel_0/ar_cmd_fsm_0/axaddr_incr_reg[11]                   |                                                                                                                                        |                3 |             12 |
|  system_i/processing_system7_0/inst/FCLK_CLK0 | system_i/ZedboardOLED_0/inst/ZedboardOLED_v1_0_S00_AXI_inst/temp_page[1]_i_1_n_0                                                                            |                                                                                                                                        |                5 |             12 |
|  system_i/processing_system7_0/inst/FCLK_CLK0 | system_i/ps7_0_axi_periph/s00_couplers/auto_pc/inst/gen_axilite.gen_b2s_conv.axilite_b2s/WR.aw_channel_0/aw_cmd_fsm_0/E[0]                                  |                                                                                                                                        |                5 |             12 |
|  system_i/processing_system7_0/inst/FCLK_CLK0 | system_i/ps7_0_axi_periph/s00_couplers/auto_pc/inst/gen_axilite.gen_b2s_conv.axilite_b2s/WR.aw_channel_0/cmd_translator_0/incr_cmd_0/axaddr_incr[0]_i_1_n_0 |                                                                                                                                        |                3 |             12 |
|  system_i/processing_system7_0/inst/FCLK_CLK0 |                                                                                                                                                             | system_i/ps7_0_axi_periph/xbar/inst/gen_sasd.crossbar_sasd_0/addr_arbiter_inst/SR[0]                                                   |                5 |             13 |
|  system_i/processing_system7_0/inst/FCLK_CLK0 | system_i/ps7_0_axi_periph/s00_couplers/auto_pc/inst/gen_axilite.gen_b2s_conv.axilite_b2s/RD.r_channel_0/r_push_r                                            |                                                                                                                                        |                4 |             13 |
|  system_i/processing_system7_0/inst/FCLK_CLK0 | system_i/ZedboardOLED_0/inst/ZedboardOLED_v1_0_S00_AXI_inst/after_char_state[94]_i_1_n_0                                                                    |                                                                                                                                        |               10 |             14 |
|  system_i/processing_system7_0/inst/FCLK_CLK0 | system_i/ps7_0_axi_periph/s00_couplers/auto_pc/inst/gen_axilite.gen_b2s_conv.axilite_b2s/SI_REG/b_pipe/p_1_in                                               |                                                                                                                                        |                2 |             14 |
|  system_i/processing_system7_0/inst/FCLK_CLK0 | system_i/ps7_0_axi_periph/s00_couplers/auto_pc/inst/gen_axilite.gen_b2s_conv.axilite_b2s/SI_REG/b_pipe/skid_buffer_reg[0]_0                                 |                                                                                                                                        |                2 |             14 |
|  system_i/processing_system7_0/inst/FCLK_CLK0 | system_i/nco_0/inst/nco_AXI4LiteS_if_U/ar_hs                                                                                                                | system_i/nco_0/inst/nco_AXI4LiteS_if_U/rdata[15]_i_1_n_0                                                                               |                4 |             15 |
|  system_i/processing_system7_0/inst/FCLK_CLK0 |                                                                                                                                                             | system_i/axi_gpio_0/U0/AXI_LITE_IPIF_I/I_SLAVE_ATTACHMENT/I_DECODER/Read_Reg_Rst                                                       |                5 |             16 |
|  system_i/processing_system7_0/inst/FCLK_CLK0 |                                                                                                                                                             | system_i/axi_gpio_1/U0/AXI_LITE_IPIF_I/I_SLAVE_ATTACHMENT/SR                                                                           |                4 |             16 |
|  system_i/processing_system7_0/inst/FCLK_CLK0 | system_i/axi_gpio_0/U0/AXI_LITE_IPIF_I/I_SLAVE_ATTACHMENT/I_DECODER/Dual.gpio_Data_Out_reg[0][0]                                                            | system_i/axi_gpio_0/U0/AXI_LITE_IPIF_I/I_SLAVE_ATTACHMENT/bus2ip_rnw_i_reg_0                                                           |                5 |             16 |
|  system_i/processing_system7_0/inst/FCLK_CLK0 | system_i/nco_0/inst/nco_AXI4LiteS_if_U/_step_size_V0                                                                                                        |                                                                                                                                        |                2 |             16 |
|  system_i/processing_system7_0/inst/FCLK_CLK0 | system_i/ps7_0_axi_periph/s00_couplers/auto_pc/inst/gen_axilite.gen_b2s_conv.axilite_b2s/WR.aw_channel_0/aw_cmd_fsm_0/b_push                                |                                                                                                                                        |                3 |             16 |
|  system_i/processing_system7_0/inst/FCLK_CLK0 | system_i/nco_0/inst/nco_U/sine_lut_V_U/nco_sine_lut_V_rom_U/RDEN                                                                                            |                                                                                                                                        |                4 |             16 |
|  system_i/processing_system7_0/inst/FCLK_CLK0 |                                                                                                                                                             | system_i/ZedboardOLED_0/inst/ZedboardOLED_v1_0_S00_AXI_inst/DELAY_COMP/p_1_in[27]                                                      |                5 |             17 |
|  system_i/processing_system7_0/inst/FCLK_CLK0 |                                                                                                                                                             | system_i/axi_gpio_0/U0/AXI_LITE_IPIF_I/I_SLAVE_ATTACHMENT/bus2ip_rnw_i_reg_0                                                           |                7 |             19 |
|  system_i/processing_system7_0/inst/FCLK_CLK0 | system_i/ps7_0_axi_periph/s00_couplers/auto_pc/inst/gen_axilite.gen_b2s_conv.axilite_b2s/WR.aw_channel_0/aw_cmd_fsm_0/axaddr_wrap_reg[0]                    |                                                                                                                                        |                9 |             21 |
|  system_i/processing_system7_0/inst/FCLK_CLK0 | system_i/ps7_0_axi_periph/s00_couplers/auto_pc/inst/gen_axilite.gen_b2s_conv.axilite_b2s/RD.ar_channel_0/ar_cmd_fsm_0/axlen_cnt_reg[4][0]                   |                                                                                                                                        |                9 |             21 |
|  system_i/processing_system7_0/inst/FCLK_CLK0 | system_i/ps7_0_axi_periph/xbar/inst/gen_sasd.crossbar_sasd_0/addr_arbiter_inst/p_0_in1_in                                                                   | system_i/ps7_0_axi_periph/xbar/inst/gen_sasd.crossbar_sasd_0/addr_arbiter_inst/SR[0]                                                   |               11 |             24 |
|  system_i/processing_system7_0/inst/FCLK_CLK0 | system_i/zed_audio_ctrl_0/U0/USER_LOGIC_I/Inst_iis_deser/rdata_reg_reg[23]_0[0]                                                                             | system_i/zed_audio_ctrl_0/U0/USER_LOGIC_I/Inst_iis_ser/ldata_reg                                                                       |               10 |             24 |
|  system_i/processing_system7_0/inst/FCLK_CLK0 | system_i/zed_audio_ctrl_0/U0/USER_LOGIC_I/Inst_iis_deser/ldata_reg0                                                                                         | system_i/zed_audio_ctrl_0/U0/USER_LOGIC_I/Inst_iis_deser/ldata_reg                                                                     |                7 |             24 |
|  system_i/processing_system7_0/inst/FCLK_CLK0 | system_i/zed_audio_ctrl_0/U0/USER_LOGIC_I/Inst_iis_ser/ldata_reg[23]_i_1__0_n_0                                                                             | system_i/zed_audio_ctrl_0/U0/USER_LOGIC_I/Inst_iis_ser/ldata_reg                                                                       |                8 |             24 |
|  system_i/processing_system7_0/inst/FCLK_CLK0 | system_i/zed_audio_ctrl_0/U0/USER_LOGIC_I/Inst_iis_deser/rdata_reg0                                                                                         | system_i/zed_audio_ctrl_0/U0/USER_LOGIC_I/Inst_iis_deser/ldata_reg                                                                     |                5 |             24 |
|  system_i/processing_system7_0/inst/FCLK_CLK0 | system_i/zed_audio_ctrl_0/U0/AXI_LITE_IPIF_I/I_SLAVE_ATTACHMENT/I_DECODER/DataTx_L_reg[0][0]                                                                | system_i/zed_audio_ctrl_0/U0/USER_LOGIC_I/SR[0]                                                                                        |                6 |             32 |
|  system_i/processing_system7_0/inst/FCLK_CLK0 | system_i/zed_audio_ctrl_0/U0/AXI_LITE_IPIF_I/I_SLAVE_ATTACHMENT/I_DECODER/E[0]                                                                              | system_i/zed_audio_ctrl_0/U0/USER_LOGIC_I/SR[0]                                                                                        |                7 |             32 |
|  system_i/processing_system7_0/inst/FCLK_CLK0 | system_i/ZedboardOLED_0/inst/ZedboardOLED_v1_0_S00_AXI_inst/slv_reg_rden                                                                                    | system_i/ZedboardOLED_0/inst/ZedboardOLED_v1_0_S00_AXI_inst/axi_awready_i_1_n_0                                                        |               13 |             32 |
|  system_i/processing_system7_0/inst/FCLK_CLK0 | system_i/zed_audio_ctrl_0/U0/AXI_LITE_IPIF_I/I_SLAVE_ATTACHMENT/s_axi_rdata_i                                                                               | system_i/zed_audio_ctrl_0/U0/AXI_LITE_IPIF_I/I_SLAVE_ATTACHMENT/rst                                                                    |               13 |             32 |
|  system_i/processing_system7_0/inst/FCLK_CLK0 | system_i/ps7_0_axi_periph/s00_couplers/auto_pc/inst/gen_axilite.gen_b2s_conv.axilite_b2s/RD.r_channel_0/rd_data_fifo_0/wr_en0                               |                                                                                                                                        |                9 |             34 |
|  system_i/processing_system7_0/inst/FCLK_CLK0 | system_i/ps7_0_axi_periph/xbar/inst/gen_sasd.crossbar_sasd_0/reg_slice_r/aa_rready                                                                          |                                                                                                                                        |               10 |             35 |
|  system_i/processing_system7_0/inst/FCLK_CLK0 | system_i/ps7_0_axi_periph/xbar/inst/gen_sasd.crossbar_sasd_0/addr_arbiter_inst/E[0]                                                                         |                                                                                                                                        |               11 |             35 |
|  system_i/processing_system7_0/inst/FCLK_CLK0 | system_i/ps7_0_axi_periph/s00_couplers/auto_pc/inst/gen_axilite.gen_b2s_conv.axilite_b2s/SI_REG/r_pipe/skid_buffer_reg[0]_0                                 |                                                                                                                                        |               10 |             47 |
|  system_i/processing_system7_0/inst/FCLK_CLK0 | system_i/ps7_0_axi_periph/s00_couplers/auto_pc/inst/gen_axilite.gen_b2s_conv.axilite_b2s/SI_REG/r_pipe/p_1_in                                               |                                                                                                                                        |                8 |             47 |
|  system_i/processing_system7_0/inst/FCLK_CLK0 | system_i/ps7_0_axi_periph/s00_couplers/auto_pc/inst/gen_axilite.gen_b2s_conv.axilite_b2s/SI_REG/ar_pipe/s_axi_arready                                       |                                                                                                                                        |               13 |             48 |
|  system_i/processing_system7_0/inst/FCLK_CLK0 | system_i/zed_audio_ctrl_0/U0/USER_LOGIC_I/Inst_iis_deser/E[0]                                                                                               |                                                                                                                                        |                9 |             48 |
|  system_i/processing_system7_0/inst/FCLK_CLK0 | system_i/ps7_0_axi_periph/s00_couplers/auto_pc/inst/gen_axilite.gen_b2s_conv.axilite_b2s/WR.aw_channel_0/aw_cmd_fsm_0/m_payload_i_reg[0][0]                 |                                                                                                                                        |               11 |             48 |
|  system_i/processing_system7_0/inst/FCLK_CLK0 | system_i/ps7_0_axi_periph/s00_couplers/auto_pc/inst/gen_axilite.gen_b2s_conv.axilite_b2s/SI_REG/aw_pipe/s_axi_awready                                       |                                                                                                                                        |               11 |             48 |
|  system_i/processing_system7_0/inst/FCLK_CLK0 | system_i/ps7_0_axi_periph/s00_couplers/auto_pc/inst/gen_axilite.gen_b2s_conv.axilite_b2s/RD.ar_channel_0/ar_cmd_fsm_0/m_payload_i_reg[0]_1[0]               |                                                                                                                                        |               10 |             48 |
|  system_i/processing_system7_0/inst/FCLK_CLK0 |                                                                                                                                                             | system_i/ps7_0_axi_periph/s00_couplers/auto_pc/inst/gen_axilite.gen_b2s_conv.axilite_b2s/areset_d1                                     |               14 |             56 |
|  system_i/processing_system7_0/inst/FCLK_CLK0 | system_i/ZedboardOLED_0/inst/ZedboardOLED_v1_0_S00_AXI_inst/after_state[102]_i_1_n_0                                                                        |                                                                                                                                        |               45 |             66 |
|  system_i/processing_system7_0/inst/FCLK_CLK0 | system_i/ZedboardOLED_0/inst/ZedboardOLED_v1_0_S00_AXI_inst/SPI_COMP/current_state_reg[9]_rep__1                                                            | system_i/ZedboardOLED_0/inst/ZedboardOLED_v1_0_S00_AXI_inst/RST_internal_reg_n_0                                                       |               41 |             84 |
|  system_i/processing_system7_0/inst/FCLK_CLK0 |                                                                                                                                                             |                                                                                                                                        |               86 |            225 |
|  system_i/processing_system7_0/inst/FCLK_CLK0 | system_i/ZedboardOLED_0/inst/ZedboardOLED_v1_0_S00_AXI_inst/current_screen[3][0][7]_i_2_n_0                                                                 | system_i/ZedboardOLED_0/inst/ZedboardOLED_v1_0_S00_AXI_inst/current_screen[3][0][7]_i_1_n_0                                            |              119 |            512 |
+-----------------------------------------------+-------------------------------------------------------------------------------------------------------------------------------------------------------------+----------------------------------------------------------------------------------------------------------------------------------------+------------------+----------------+


+--------+-----------------------+
| Fanout | Number of ControlSets |
+--------+-----------------------+
| 1      |                     1 |
| 2      |                     1 |
| 4      |                    12 |
| 5      |                    15 |
| 6      |                     3 |
| 8      |                    73 |
| 11     |                     1 |
| 12     |                     7 |
| 13     |                     2 |
| 14     |                     3 |
| 15     |                     1 |
| 16+    |                    34 |
+--------+-----------------------+


